app/build/intermediates/manifest_merge_blame_file/debug/manifest-merger-blame-debug-report.txt
1<?xml version="1.0" encoding="utf-8"?>
2<manifest xmlns:android="http://schemas.android.com/apk/res/android"
3    package="com.ucbanilad.waitwise"
4    android:versionCode="1"
5    android:versionName="1.0" >
6
7    <uses-sdk
8        android:minSdkVersion="24"
9        android:targetSdkVersion="34" />
10
11    <uses-permission android:name="android.permission.INTERNET" />
11-->src\main\AndroidManifest.xml:5:5-67
11-->src\main\AndroidManifest.xml:5:22-64
12    <uses-permission android:name="android.permission.ACCESS_NETWORK_STATE" />
12-->[com.google.firebase:firebase-auth:22.3.0] AndroidManifest.xml:26:5-79
12-->[com.google.firebase:firebase-auth:22.3.0] AndroidManifest.xml:26:22-76
13
14    <permission
14-->[androidx.core:core:1.12.0] AndroidManifest.xml:22:5-24:47
15        android:name="com.ucbanilad.waitwise.DYNAMIC_RECEIVER_NOT_EXPORTED_PERMISSION"
15-->[androidx.core:core:1.12.0] AndroidManifest.xml:23:9-81
16        android:protectionLevel="signature" />
16-->[androidx.core:core:1.12.0] AndroidManifest.xml:24:9-44
17
18    <uses-permission android:name="com.ucbanilad.waitwise.DYNAMIC_RECEIVER_NOT_EXPORTED_PERMISSION" />
18-->[androidx.core:core:1.12.0] AndroidManifest.xml:26:5-97
18-->[androidx.core:core:1.12.0] AndroidManifest.xml:26:22-94
19
20    <application
20-->src\main\AndroidManifest.xml:7:5-52:19
21        android:allowBackup="true"
21-->src\main\AndroidManifest.xml:8:9-35
22        android:appComponentFactory="androidx.core.app.CoreComponentFactory"
22-->[androidx.core:core:1.12.0] AndroidManifest.xml:28:18-86
23        android:dataExtractionRules="@xml/data_extraction_rules"
23-->src\main\AndroidManifest.xml:9:9-65
24        android:debuggable="true"
25        android:extractNativeLibs="false"
26        android:fullBackupContent="@xml/backup_rules"
26-->src\main\AndroidManifest.xml:10:9-54
27        android:icon="@mipmap/ic_launcher"
27-->src\main\AndroidManifest.xml:11:9-43
28        android:label="@string/app_name"
28-->src\main\AndroidManifest.xml:12:9-41
29        android:roundIcon="@mipmap/ic_launcher_round"
29-->src\main\AndroidManifest.xml:13:9-54
30        android:supportsRtl="true"
30-->src\main\AndroidManifest.xml:14:9-35
31        android:testOnly="true"
32        android:theme="@style/Theme.WaitWise" >
32-->src\main\AndroidManifest.xml:15:9-46
33
34        <!-- SPLASH — entry point -->
35        <activity
35-->src\main\AndroidManifest.xml:18:9-26:20
36            android:name="com.ucbanilad.waitwise.SplashActivity"
36-->src\main\AndroidManifest.xml:19:13-43
37            android:exported="true"
37-->src\main\AndroidManifest.xml:20:13-36
38            android:theme="@style/Theme.WaitWise.NoActionBar" >
38-->src\main\AndroidManifest.xml:21:13-62
39            <intent-filter>
39-->src\main\AndroidManifest.xml:22:13-25:29
40                <action android:name="android.intent.action.MAIN" />
40-->src\main\AndroidManifest.xml:23:17-69
40-->src\main\AndroidManifest.xml:23:25-66
41
42                <category android:name="android.intent.category.LAUNCHER" />
42-->src\main\AndroidManifest.xml:24:17-77
42-->src\main\AndroidManifest.xml:24:27-74
43            </intent-filter>
44        </activity>
45
46        <!-- LOGIN -->
47        <activity
47-->src\main\AndroidManifest.xml:29:9-32:65
48            android:name="com.ucbanilad.waitwise.MainActivity"
48-->src\main\AndroidManifest.xml:30:13-41
49            android:exported="false"
49-->src\main\AndroidManifest.xml:31:13-37
50            android:theme="@style/Theme.WaitWise.NoActionBar" />
50-->src\main\AndroidManifest.xml:32:13-62
51
52        <!-- DASHBOARD -->
53        <activity
53-->src\main\AndroidManifest.xml:35:9-38:65
54            android:name="com.ucbanilad.waitwise.DashboardActivity"
54-->src\main\AndroidManifest.xml:36:13-46
55            android:exported="false"
55-->src\main\AndroidManifest.xml:37:13-37
56            android:theme="@style/Theme.WaitWise.NoActionBar" />
56-->src\main\AndroidManifest.xml:38:13-62
57
58        <!-- REGISTER - ADD THIS! -->
59        <activity
59-->src\main\AndroidManifest.xml:41:9-44:65
60            android:name="com.ucbanilad.waitwise.RegisterActivity"
60-->src\main\AndroidManifest.xml:42:13-45
61            android:exported="false"
61-->src\main\AndroidManifest.xml:43:13-37
62            android:theme="@style/Theme.WaitWise.NoActionBar" />
62-->src\main\AndroidManifest.xml:44:13-62
63
64        <!-- FORGOT PASSWORD - ADD THIS! -->
65        <activity
65-->src\main\AndroidManifest.xml:47:9-50:65
66            android:name="com.ucbanilad.waitwise.ForgotPasswordActivity"
66-->src\main\AndroidManifest.xml:48:13-51
67            android:exported="false"
67-->src\main\AndroidManifest.xml:49:13-37
68            android:theme="@style/Theme.WaitWise.NoActionBar" />
68-->src\main\AndroidManifest.xml:50:13-62
69        <activity
69-->[com.google.android.gms:play-services-auth:21.2.0] AndroidManifest.xml:23:9-27:75
70            android:name="com.google.android.gms.auth.api.signin.internal.SignInHubActivity"
70-->[com.google.android.gms:play-services-auth:21.2.0] AndroidManifest.xml:24:13-93
71            android:excludeFromRecents="true"
71-->[com.google.android.gms:play-services-auth:21.2.0] AndroidManifest.xml:25:13-46
72            android:exported="false"
72-->[com.google.android.gms:play-services-auth:21.2.0] AndroidManifest.xml:26:13-37
73            android:theme="@android:style/Theme.Translucent.NoTitleBar" />
73-->[com.google.android.gms:play-services-auth:21.2.0] AndroidManifest.xml:27:13-72
74        <!--
75            Service handling Google Sign-In user revocation. For apps that do not integrate with
76            Google Sign-In, this service will never be started.
77        -->
78        <service
78-->[com.google.android.gms:play-services-auth:21.2.0] AndroidManifest.xml:33:9-37:51
79            android:name="com.google.android.gms.auth.api.signin.RevocationBoundService"
79-->[com.google.android.gms:play-services-auth:21.2.0] AndroidManifest.xml:34:13-89
80            android:exported="true"
80-->[com.google.android.gms:play-services-auth:21.2.0] AndroidManifest.xml:35:13-36
81            android:permission="com.google.android.gms.auth.api.signin.permission.REVOCATION_NOTIFICATION"
81-->[com.google.android.gms:play-services-auth:21.2.0] AndroidManifest.xml:36:13-107
82            android:visibleToInstantApps="true" />
82-->[com.google.android.gms:play-services-auth:21.2.0] AndroidManifest.xml:37:13-48
83        <service
83-->[com.google.firebase:firebase-auth-ktx:22.3.0] AndroidManifest.xml:8:9-14:19
84            android:name="com.google.firebase.components.ComponentDiscoveryService"
84-->[com.google.firebase:firebase-auth-ktx:22.3.0] AndroidManifest.xml:9:13-84
85            android:directBootAware="true"
85-->[com.google.firebase:firebase-common:20.4.2] AndroidManifest.xml:32:13-43
86            android:exported="false" >
86-->[com.google.firebase:firebase-auth-ktx:22.3.0] AndroidManifest.xml:10:13-37
87            <meta-data
87-->[com.google.firebase:firebase-auth-ktx:22.3.0] AndroidManifest.xml:11:13-13:85
88                android:name="com.google.firebase.components:com.google.firebase.auth.ktx.FirebaseAuthLegacyRegistrar"
88-->[com.google.firebase:firebase-auth-ktx:22.3.0] AndroidManifest.xml:12:17-119
89                android:value="com.google.firebase.components.ComponentRegistrar" />
89-->[com.google.firebase:firebase-auth-ktx:22.3.0] AndroidManifest.xml:13:17-82
90            <meta-data
90-->[com.google.firebase:firebase-auth:22.3.0] AndroidManifest.xml:69:13-71:85
91                android:name="com.google.firebase.components:com.google.firebase.auth.FirebaseAuthRegistrar"
91-->[com.google.firebase:firebase-auth:22.3.0] AndroidManifest.xml:70:17-109
92                android:value="com.google.firebase.components.ComponentRegistrar" />
92-->[com.google.firebase:firebase-auth:22.3.0] AndroidManifest.xml:71:17-82
93            <meta-data
93-->[com.google.firebase:firebase-firestore-ktx:24.10.0] AndroidManifest.xml:12:13-14:85
94                android:name="com.google.firebase.components:com.google.firebase.firestore.ktx.FirebaseFirestoreLegacyRegistrar"
94-->[com.google.firebase:firebase-firestore-ktx:24.10.0] AndroidManifest.xml:13:17-129
95                android:value="com.google.firebase.components.ComponentRegistrar" />
95-->[com.google.firebase:firebase-firestore-ktx:24.10.0] AndroidManifest.xml:14:17-82
96            <meta-data
96-->[com.google.firebase:firebase-firestore:24.10.0] AndroidManifest.xml:17:13-19:85
97                android:name="com.google.firebase.components:com.google.firebase.firestore.FirebaseFirestoreKtxRegistrar"
97-->[com.google.firebase:firebase-firestore:24.10.0] AndroidManifest.xml:18:17-122
98                android:value="com.google.firebase.components.ComponentRegistrar" />
98-->[com.google.firebase:firebase-firestore:24.10.0] AndroidManifest.xml:19:17-82
99            <meta-data
99-->[com.google.firebase:firebase-firestore:24.10.0] AndroidManifest.xml:20:13-22:85
100                android:name="com.google.firebase.components:com.google.firebase.firestore.FirestoreRegistrar"
100-->[com.google.firebase:firebase-firestore:24.10.0] AndroidManifest.xml:21:17-111
101                android:value="com.google.firebase.components.ComponentRegistrar" />
101-->[com.google.firebase:firebase-firestore:24.10.0] AndroidManifest.xml:22:17-82
102            <meta-data
102-->[com.google.firebase:firebase-common-ktx:20.4.2] AndroidManifest.xml:12:13-14:85
103                android:name="com.google.firebase.components:com.google.firebase.ktx.FirebaseCommonLegacyRegistrar"
103-->[com.google.firebase:firebase-common-ktx:20.4.2] AndroidManifest.xml:13:17-116
104                android:value="com.google.firebase.components.ComponentRegistrar" />
104-->[com.google.firebase:firebase-common-ktx:20.4.2] AndroidManifest.xml:14:17-82
105            <meta-data
105-->[com.google.firebase:firebase-common:20.4.2] AndroidManifest.xml:35:13-37:85
106                android:name="com.google.firebase.components:com.google.firebase.FirebaseCommonKtxRegistrar"
106-->[com.google.firebase:firebase-common:20.4.2] AndroidManifest.xml:36:17-109
107                android:value="com.google.firebase.components.ComponentRegistrar" />
107-->[com.google.firebase:firebase-common:20.4.2] AndroidManifest.xml:37:17-82
108        </service>
109
110        <activity
110-->[com.google.firebase:firebase-auth:22.3.0] AndroidManifest.xml:29:9-46:20
111            android:name="com.google.firebase.auth.internal.GenericIdpActivity"
111-->[com.google.firebase:firebase-auth:22.3.0] AndroidManifest.xml:30:13-80
112            android:excludeFromRecents="true"
112-->[com.google.firebase:firebase-auth:22.3.0] AndroidManifest.xml:31:13-46
113            android:exported="true"
113-->[com.google.firebase:firebase-auth:22.3.0] AndroidManifest.xml:32:13-36
114            android:launchMode="singleTask"
114-->[com.google.firebase:firebase-auth:22.3.0] AndroidManifest.xml:33:13-44
115            android:theme="@android:style/Theme.Translucent.NoTitleBar" >
115-->[com.google.firebase:firebase-auth:22.3.0] AndroidManifest.xml:34:13-72
116            <intent-filter>
116-->[com.google.firebase:firebase-auth:22.3.0] AndroidManifest.xml:35:13-45:29
117                <action android:name="android.intent.action.VIEW" />
117-->[com.google.firebase:firebase-auth:22.3.0] AndroidManifest.xml:36:17-69
117-->[com.google.firebase:firebase-auth:22.3.0] AndroidManifest.xml:36:25-66
118
119                <category android:name="android.intent.category.DEFAULT" />
119-->[com.google.firebase:firebase-auth:22.3.0] AndroidManifest.xml:38:17-76
119-->[com.google.firebase:firebase-auth:22.3.0] AndroidManifest.xml:38:27-73
120                <category android:name="android.intent.category.BROWSABLE" />
120-->[com.google.firebase:firebase-auth:22.3.0] AndroidManifest.xml:39:17-78
120-->[com.google.firebase:firebase-auth:22.3.0] AndroidManifest.xml:39:27-75
121
122                <data
122-->[com.google.firebase:firebase-auth:22.3.0] AndroidManifest.xml:41:17-44:51
123                    android:host="firebase.auth"
123-->[com.google.firebase:firebase-auth:22.3.0] AndroidManifest.xml:42:21-49
124                    android:path="/"
124-->[com.google.firebase:firebase-auth:22.3.0] AndroidManifest.xml:43:21-37
125                    android:scheme="genericidp" />
125-->[com.google.firebase:firebase-auth:22.3.0] AndroidManifest.xml:44:21-48
126            </intent-filter>
127        </activity>
128        <activity
128-->[com.google.firebase:firebase-auth:22.3.0] AndroidManifest.xml:47:9-64:20
129            android:name="com.google.firebase.auth.internal.RecaptchaActivity"
129-->[com.google.firebase:firebase-auth:22.3.0] AndroidManifest.xml:48:13-79
130            android:excludeFromRecents="true"
130-->[com.google.firebase:firebase-auth:22.3.0] AndroidManifest.xml:49:13-46
131            android:exported="true"
131-->[com.google.firebase:firebase-auth:22.3.0] AndroidManifest.xml:50:13-36
132            android:launchMode="singleTask"
132-->[com.google.firebase:firebase-auth:22.3.0] AndroidManifest.xml:51:13-44
133            android:theme="@android:style/Theme.Translucent.NoTitleBar" >
133-->[com.google.firebase:firebase-auth:22.3.0] AndroidManifest.xml:52:13-72
134            <intent-filter>
134-->[com.google.firebase:firebase-auth:22.3.0] AndroidManifest.xml:53:13-63:29
135                <action android:name="android.intent.action.VIEW" />
135-->[com.google.firebase:firebase-auth:22.3.0] AndroidManifest.xml:36:17-69
135-->[com.google.firebase:firebase-auth:22.3.0] AndroidManifest.xml:36:25-66
136
137                <category android:name="android.intent.category.DEFAULT" />
137-->[com.google.firebase:firebase-auth:22.3.0] AndroidManifest.xml:38:17-76
137-->[com.google.firebase:firebase-auth:22.3.0] AndroidManifest.xml:38:27-73
138                <category android:name="android.intent.category.BROWSABLE" />
138-->[com.google.firebase:firebase-auth:22.3.0] AndroidManifest.xml:39:17-78
138-->[com.google.firebase:firebase-auth:22.3.0] AndroidManifest.xml:39:27-75
139
140                <data
140-->[com.google.firebase:firebase-auth:22.3.0] AndroidManifest.xml:41:17-44:51
141                    android:host="firebase.auth"
141-->[com.google.firebase:firebase-auth:22.3.0] AndroidManifest.xml:42:21-49
142                    android:path="/"
142-->[com.google.firebase:firebase-auth:22.3.0] AndroidManifest.xml:43:21-37
143                    android:scheme="recaptcha" />
143-->[com.google.firebase:firebase-auth:22.3.0] AndroidManifest.xml:44:21-48
144            </intent-filter>
145        </activity>
146        <activity
146-->[com.google.android.gms:play-services-base:18.3.0] AndroidManifest.xml:20:9-22:45
147            android:name="com.google.android.gms.common.api.GoogleApiActivity"
147-->[com.google.android.gms:play-services-base:18.3.0] AndroidManifest.xml:20:19-85
148            android:exported="false"
148-->[com.google.android.gms:play-services-base:18.3.0] AndroidManifest.xml:22:19-43
149            android:theme="@android:style/Theme.Translucent.NoTitleBar" />
149-->[com.google.android.gms:play-services-base:18.3.0] AndroidManifest.xml:21:19-78
150
151        <provider
151-->[com.google.firebase:firebase-common:20.4.2] AndroidManifest.xml:23:9-28:39
152            android:name="com.google.firebase.provider.FirebaseInitProvider"
152-->[com.google.firebase:firebase-common:20.4.2] AndroidManifest.xml:24:13-77
153            android:authorities="com.ucbanilad.waitwise.firebaseinitprovider"
153-->[com.google.firebase:firebase-common:20.4.2] AndroidManifest.xml:25:13-72
154            android:directBootAware="true"
154-->[com.google.firebase:firebase-common:20.4.2] AndroidManifest.xml:26:13-43
155            android:exported="false"
155-->[com.google.firebase:firebase-common:20.4.2] AndroidManifest.xml:27:13-37
156            android:initOrder="100" />
156-->[com.google.firebase:firebase-common:20.4.2] AndroidManifest.xml:28:13-36
157        <provider
157-->[androidx.emoji2:emoji2:1.2.0] AndroidManifest.xml:24:9-32:20
158            android:name="androidx.startup.InitializationProvider"
158-->[androidx.emoji2:emoji2:1.2.0] AndroidManifest.xml:25:13-67
159            android:authorities="com.ucbanilad.waitwise.androidx-startup"
159-->[androidx.emoji2:emoji2:1.2.0] AndroidManifest.xml:26:13-68
160            android:exported="false" >
160-->[androidx.emoji2:emoji2:1.2.0] AndroidManifest.xml:27:13-37
161            <meta-data
161-->[androidx.emoji2:emoji2:1.2.0] AndroidManifest.xml:29:13-31:52
162                android:name="androidx.emoji2.text.EmojiCompatInitializer"
162-->[androidx.emoji2:emoji2:1.2.0] AndroidManifest.xml:30:17-75
163                android:value="androidx.startup" />
163-->[androidx.emoji2:emoji2:1.2.0] AndroidManifest.xml:31:17-49
164            <meta-data
164-->[androidx.lifecycle:lifecycle-process:2.6.1] AndroidManifest.xml:29:13-31:52
165                android:name="androidx.lifecycle.ProcessLifecycleInitializer"
165-->[androidx.lifecycle:lifecycle-process:2.6.1] AndroidManifest.xml:30:17-78
166                android:value="androidx.startup" />
166-->[androidx.lifecycle:lifecycle-process:2.6.1] AndroidManifest.xml:31:17-49
167            <meta-data
167-->[androidx.profileinstaller:profileinstaller:1.3.0] AndroidManifest.xml:29:13-31:52
168                android:name="androidx.profileinstaller.ProfileInstallerInitializer"
168-->[androidx.profileinstaller:profileinstaller:1.3.0] AndroidManifest.xml:30:17-85
169                android:value="androidx.startup" />
169-->[androidx.profileinstaller:profileinstaller:1.3.0] AndroidManifest.xml:31:17-49
170        </provider>
171
172        <meta-data
172-->[com.google.android.gms:play-services-basement:18.3.0] AndroidManifest.xml:21:9-23:69
173            android:name="com.google.android.gms.version"
173-->[com.google.android.gms:play-services-basement:18.3.0] AndroidManifest.xml:22:13-58
174            android:value="@integer/google_play_services_version" />
174-->[com.google.android.gms:play-services-basement:18.3.0] AndroidManifest.xml:23:13-66
175
176        <receiver
176-->[androidx.profileinstaller:profileinstaller:1.3.0] AndroidManifest.xml:34:9-52:20
177            android:name="androidx.profileinstaller.ProfileInstallReceiver"
177-->[androidx.profileinstaller:profileinstaller:1.3.0] AndroidManifest.xml:35:13-76
178            android:directBootAware="false"
178-->[androidx.profileinstaller:profileinstaller:1.3.0] AndroidManifest.xml:36:13-44
179            android:enabled="true"
179-->[androidx.profileinstaller:profileinstaller:1.3.0] AndroidManifest.xml:37:13-35
180            android:exported="true"
180-->[androidx.profileinstaller:profileinstaller:1.3.0] AndroidManifest.xml:38:13-36
181            android:permission="android.permission.DUMP" >
181-->[androidx.profileinstaller:profileinstaller:1.3.0] AndroidManifest.xml:39:13-57
182            <intent-filter>
182-->[androidx.profileinstaller:profileinstaller:1.3.0] AndroidManifest.xml:40:13-42:29
183                <action android:name="androidx.profileinstaller.action.INSTALL_PROFILE" />
183-->[androidx.profileinstaller:profileinstaller:1.3.0] AndroidManifest.xml:41:17-91
183-->[androidx.profileinstaller:profileinstaller:1.3.0] AndroidManifest.xml:41:25-88
184            </intent-filter>
185            <intent-filter>
185-->[androidx.profileinstaller:profileinstaller:1.3.0] AndroidManifest.xml:43:13-45:29
186                <action android:name="androidx.profileinstaller.action.SKIP_FILE" />
186-->[androidx.profileinstaller:profileinstaller:1.3.0] AndroidManifest.xml:44:17-85
186-->[androidx.profileinstaller:profileinstaller:1.3.0] AndroidManifest.xml:44:25-82
187            </intent-filter>
188            <intent-filter>
188-->[androidx.profileinstaller:profileinstaller:1.3.0] AndroidManifest.xml:46:13-48:29
189                <action android:name="androidx.profileinstaller.action.SAVE_PROFILE" />
189-->[androidx.profileinstaller:profileinstaller:1.3.0] AndroidManifest.xml:47:17-88
189-->[androidx.profileinstaller:profileinstaller:1.3.0] AndroidManifest.xml:47:25-85
190            </intent-filter>
191            <intent-filter>
191-->[androidx.profileinstaller:profileinstaller:1.3.0] AndroidManifest.xml:49:13-51:29
192                <action android:name="androidx.profileinstaller.action.BENCHMARK_OPERATION" />
192-->[androidx.profileinstaller:profileinstaller:1.3.0] AndroidManifest.xml:50:17-95
192-->[androidx.profileinstaller:profileinstaller:1.3.0] AndroidManifest.xml:50:25-92
193            </intent-filter>
194        </receiver>
195    </application>
196
197</manifest>